[    0.000000] Linux version 5.4.0-42-generic (buildd@lgw01-amd64-023) (gcc version 7.5.0 (Ubuntu 7.5.0-3ubuntu1~18.04)) #46~18.04.1-Ubuntu SMP Fri Jul 10 07:21:24 UTC 2020 (Ubuntu 5.4.0-42.46~18.04.1-generic 5.4.44)
[    0.000000] Command line: BOOT_IMAGE=/boot/vmlinuz-5.4.0-42-generic root=UUID=8afed82c-18b4-4e0d-93a4-40b70ced57a3 ro console=tty1 console=ttyS0
[    0.000000] KERNEL supported cpus:
[    0.000000]   Intel GenuineIntel
[    0.000000]   AMD AuthenticAMD
[    0.000000]   Hygon HygonGenuine
[    0.000000]   Centaur CentaurHauls
[    0.000000]   zhaoxin   Shanghai  
[    0.000000] x86/fpu: Supporting XSAVE feature 0x001: 'x87 floating point registers'
[    0.000000] x86/fpu: Supporting XSAVE feature 0x002: 'SSE registers'
[    0.000000] x86/fpu: Supporting XSAVE feature 0x004: 'AVX registers'
[    0.000000] x86/fpu: xstate_offset[2]:  576, xstate_sizes[2]:  256
[    0.000000] x86/fpu: Enabled xstate features 0x7, context size is 832 bytes, using 'standard' format.
[    0.000000] BIOS-provided physical RAM map:
[    0.000000] BIOS-e820: [mem 0x0000000000000000-0x000000000009fbff] usable
[    0.000000] BIOS-e820: [mem 0x000000000009fc00-0x000000000009ffff] reserved
[    0.000000] BIOS-e820: [mem 0x00000000000f0000-0x00000000000fffff] reserved
[    0.000000] BIOS-e820: [mem 0x0000000000100000-0x000000007ffeffff] usable
[    0.000000] BIOS-e820: [mem 0x000000007fff0000-0x000000007fffffff] ACPI data
[    0.000000] BIOS-e820: [mem 0x00000000fec00000-0x00000000fec00fff] reserved
[    0.000000] BIOS-e820: [mem 0x00000000fee00000-0x00000000fee00fff] reserved
[    0.000000] BIOS-e820: [mem 0x00000000fffc0000-0x00000000ffffffff] reserved
[    0.000000] NX (Execute Disable) protection: active
[    0.000000] SMBIOS 2.5 present.
[    0.000000] DMI: innotek GmbH VirtualBox/VirtualBox, BIOS VirtualBox 12/01/2006
[    0.000000] Hypervisor detected: KVM
[    0.000000] kvm-clock: Using msrs 4b564d01 and 4b564d00
[    0.000000] kvm-clock: cpu 0, msr 15201001, primary cpu clock
[    0.000000] kvm-clock: using sched offset of 6563250505 cycles
[    0.000002] clocksource: kvm-clock: mask: 0xffffffffffffffff max_cycles: 0x1cd42e4dffb, max_idle_ns: 881590591483 ns
[    0.000005] tsc: Detected 1800.001 MHz processor
[    0.002066] last_pfn = 0x7fff0 max_arch_pfn = 0x400000000
[    0.002081] Disabled
[    0.002082] x86/PAT: MTRRs disabled, skipping PAT initialization too.
[    0.002085] CPU MTRRs all blank - virtualized system.
[    0.002088] x86/PAT: Configuration [0-7]: WB  WT  UC- UC  WB  WT  UC- UC  
[    0.002132] found SMP MP-table at [mem 0x0009fff0-0x0009ffff]
[    0.104023] check: Scanning 1 areas for low memory corruption
[    0.104306] RAMDISK: [mem 0x304bf000-0x34256fff]
[    0.104321] ACPI: Early table checksum verification disabled
[    0.104325] ACPI: RSDP 0x00000000000E0000 000024 (v02 VBOX  )
[    0.104329] ACPI: XSDT 0x000000007FFF0030 00003C (v01 VBOX   VBOXXSDT 00000001 ASL  00000061)
[    0.104334] ACPI: FACP 0x000000007FFF00F0 0000F4 (v04 VBOX   VBOXFACP 00000001 ASL  00000061)
[    0.104340] ACPI: DSDT 0x000000007FFF0470 002325 (v02 VBOX   VBOXBIOS 00000002 INTL 20100528)
[    0.104344] ACPI: FACS 0x000000007FFF0200 000040
[    0.104346] ACPI: FACS 0x000000007FFF0200 000040
[    0.104349] ACPI: APIC 0x000000007FFF0240 00005C (v02 VBOX   VBOXAPIC 00000001 ASL  00000061)
[    0.104353] ACPI: SSDT 0x000000007FFF02A0 0001CC (v01 VBOX   VBOXCPUT 00000002 INTL 20100528)
[    0.104606] No NUMA configuration found
[    0.104608] Faking a node at [mem 0x0000000000000000-0x000000007ffeffff]
[    0.104616] NODE_DATA(0) allocated [mem 0x7ffc5000-0x7ffeffff]
[    0.104826] Zone ranges:
[    0.104828]   DMA      [mem 0x0000000000001000-0x0000000000ffffff]
[    0.104830]   DMA32    [mem 0x0000000001000000-0x000000007ffeffff]
[    0.104831]   Normal   empty
[    0.104832]   Device   empty
[    0.104834] Movable zone start for each node
[    0.104836] Early memory node ranges
[    0.104837]   node   0: [mem 0x0000000000001000-0x000000000009efff]
[    0.104839]   node   0: [mem 0x0000000000100000-0x000000007ffeffff]
[    0.108662] Zeroed struct page in unavailable ranges: 114 pages
[    0.108664] Initmem setup node 0 [mem 0x0000000000001000-0x000000007ffeffff]
[    0.117599] ACPI: PM-Timer IO Port: 0x4008
[    0.117668] IOAPIC[0]: apic_id 2, version 32, address 0xfec00000, GSI 0-23
[    0.117671] ACPI: INT_SRC_OVR (bus 0 bus_irq 0 global_irq 2 dfl dfl)
[    0.117673] ACPI: INT_SRC_OVR (bus 0 bus_irq 9 global_irq 9 low level)
[    0.117678] Using ACPI (MADT) for SMP configuration information
[    0.117685] smpboot: Allowing 2 CPUs, 0 hotplug CPUs
[    0.117705] PM: Registered nosave memory: [mem 0x00000000-0x00000fff]
[    0.117706] PM: Registered nosave memory: [mem 0x0009f000-0x0009ffff]
[    0.117707] PM: Registered nosave memory: [mem 0x000a0000-0x000effff]
[    0.117708] PM: Registered nosave memory: [mem 0x000f0000-0x000fffff]
[    0.117710] [mem 0x80000000-0xfebfffff] available for PCI devices
[    0.117712] Booting paravirtualized kernel on KVM
[    0.117715] clocksource: refined-jiffies: mask: 0xffffffff max_cycles: 0xffffffff, max_idle_ns: 7645519600211568 ns
[    0.117719] setup_percpu: NR_CPUS:8192 nr_cpumask_bits:2 nr_cpu_ids:2 nr_node_ids:1
[    0.121356] percpu: Embedded 54 pages/cpu s184320 r8192 d28672 u1048576
[    0.121387] PV qspinlock hash table entries: 256 (order: 0, 4096 bytes, linear)
[    0.121392] Built 1 zonelists, mobility grouping on.  Total pages: 515961
[    0.121393] Policy zone: DMA32
[    0.121395] Kernel command line: BOOT_IMAGE=/boot/vmlinuz-5.4.0-42-generic root=UUID=8afed82c-18b4-4e0d-93a4-40b70ced57a3 ro console=tty1 console=ttyS0
[    0.125092] Dentry cache hash table entries: 262144 (order: 9, 2097152 bytes, linear)
[    0.125131] Inode-cache hash table entries: 131072 (order: 8, 1048576 bytes, linear)
[    0.125173] mem auto-init: stack:off, heap alloc:on, heap free:off
[    0.130660] Memory: 1964220K/2096696K available (14339K kernel code, 2378K rwdata, 4924K rodata, 2704K init, 5020K bss, 132476K reserved, 0K cma-reserved)
[    0.130666] random: get_random_u64 called from __kmem_cache_create+0x41/0x550 with crng_init=0
[    0.134333] SLUB: HWalign=64, Order=0-3, MinObjects=0, CPUs=2, Nodes=1
[    0.134360] Kernel/User page tables isolation: enabled
[    0.134375] ftrace: allocating 44191 entries in 173 pages
[    0.161078] rcu: Hierarchical RCU implementation.
[    0.161081] rcu: 	RCU restricting CPUs from NR_CPUS=8192 to nr_cpu_ids=2.
[    0.161082] 	Tasks RCU enabled.
[    0.161083] rcu: RCU calculated value of scheduler-enlistment delay is 25 jiffies.
[    0.161084] rcu: Adjusting geometry for rcu_fanout_leaf=16, nr_cpu_ids=2
[    0.164518] NR_IRQS: 524544, nr_irqs: 440, preallocated irqs: 16
[    0.164835] random: crng done (trusting CPU's manufacturer)
[    0.177501] Console: colour VGA+ 80x25
[    0.212850] printk: console [tty1] enabled
[    0.307669] printk: console [ttyS0] enabled
[    0.308552] ACPI: Core revision 20190816
[    0.309474] APIC: Switch to symmetric I/O mode setup
[    0.310750] x2apic enabled
[    0.311683] Switched APIC routing to physical x2apic.
[    0.314059] ..TIMER: vector=0x30 apic1=0 pin1=2 apic2=-1 pin2=-1
[    0.315269] clocksource: tsc-early: mask: 0xffffffffffffffff max_cycles: 0x19f22aa45f0, max_idle_ns: 440795269146 ns
[    0.317220] Calibrating delay loop (skipped) preset value.. 3600.00 BogoMIPS (lpj=7200004)
[    0.321219] pid_max: default: 32768 minimum: 301
[    0.322142] LSM: Security Framework initializing
[    0.323077] Yama: becoming mindful.
[    0.323844] AppArmor: AppArmor initialized
[    0.324739] Mount-cache hash table entries: 4096 (order: 3, 32768 bytes, linear)
[    0.325223] Mountpoint-cache hash table entries: 4096 (order: 3, 32768 bytes, linear)
[    0.326781] *** VALIDATE tmpfs ***
[    0.329351] *** VALIDATE proc ***
[    0.330124] *** VALIDATE cgroup1 ***
[    0.330855] *** VALIDATE cgroup2 ***
[    0.331745] Last level iTLB entries: 4KB 64, 2MB 8, 4MB 8
[    0.333220] Last level dTLB entries: 4KB 64, 2MB 0, 4MB 0, 1GB 4
[    0.334392] Spectre V1 : Mitigation: usercopy/swapgs barriers and __user pointer sanitization
[    0.336045] Spectre V2 : Mitigation: Full generic retpoline
[    0.337091] Spectre V2 : Spectre v2 / SpectreRSB mitigation: Filling RSB on context switch
[    0.337219] Speculative Store Bypass: Vulnerable
[    0.338112] SRBDS: Unknown: Dependent on hypervisor status
[    0.339191] MDS: Mitigation: Clear CPU buffers
[    0.341434] Freeing SMP alternatives memory: 40K
[    0.451752] smpboot: CPU0: Intel(R) Core(TM) i5-8250U CPU @ 1.60GHz (family: 0x6, model: 0x8e, stepping: 0xa)
[    0.453217] Performance Events: unsupported p6 CPU model 142 no PMU driver, software events only.
[    0.453217] rcu: Hierarchical SRCU implementation.
[    0.453813] NMI watchdog: Perf NMI watchdog permanently disabled
[    0.457250] smp: Bringing up secondary CPUs ...
[    0.458365] x86: Booting SMP configuration:
[    0.461222] .... node  #0, CPUs:      #1
[    0.152434] kvm-clock: cpu 1, msr 15201041, secondary cpu clock
[    0.465313] smp: Brought up 1 node, 2 CPUs
[    0.467612] smpboot: Max logical packages: 1
[    0.468553] smpboot: Total of 2 processors activated (7200.00 BogoMIPS)
[    0.469359] devtmpfs: initialized
[    0.470048] x86/mm: Memory block size: 128MB
[    0.471256] clocksource: jiffies: mask: 0xffffffff max_cycles: 0xffffffff, max_idle_ns: 7645041785100000 ns
[    0.473232] futex hash table entries: 512 (order: 3, 32768 bytes, linear)
[    0.474681] pinctrl core: initialized pinctrl subsystem
[    0.477322] PM: RTC time: 20:05:05, date: 2020-08-07
[    0.478603] NET: Registered protocol family 16
[    0.479738] audit: initializing netlink subsys (disabled)
[    0.481244] audit: type=2000 audit(1596830712.787:1): state=initialized audit_enabled=0 res=1
[    0.481332] EISA bus registered
[    0.483927] cpuidle: using governor ladder
[    0.484840] cpuidle: using governor menu
[    0.485264] ACPI: bus type PCI registered
[    0.486144] acpiphp: ACPI Hot Plug PCI Controller Driver version: 0.5
[    0.487658] PCI: Using configuration type 1 for base access
[    0.490888] HugeTLB registered 2.00 MiB page size, pre-allocated 0 pages
[    0.501293] ACPI: Added _OSI(Module Device)
[    0.502210] ACPI: Added _OSI(Processor Device)
[    0.505221] ACPI: Added _OSI(3.0 _SCP Extensions)
[    0.506145] ACPI: Added _OSI(Processor Aggregator Device)
[    0.507201] ACPI: Added _OSI(Linux-Dell-Video)
[    0.508090] ACPI: Added _OSI(Linux-Lenovo-NV-HDMI-Audio)
[    0.509263] ACPI: Added _OSI(Linux-HPI-Hybrid-Graphics)
[    0.510109] ACPI: 2 ACPI AML tables successfully acquired and loaded
[    0.513217] ACPI: Interpreter enabled
[    0.517266] ACPI: (supports S0 S5)
[    0.518028] ACPI: Using IOAPIC for interrupt routing
[    0.518627] PCI: Using host bridge windows from ACPI; if necessary, use "pci=nocrs" and report a bug
[    0.521363] ACPI: Enabled 2 GPEs in block 00 to 07
[    0.529678] ACPI: PCI Root Bridge [PCI0] (domain 0000 [bus 00-ff])
[    0.530955] acpi PNP0A03:00: _OSC: OS supports [ASPM ClockPM Segments MSI HPX-Type3]
[    0.533210] acpi PNP0A03:00: _OSC: not requesting OS control; OS requires [ExtendedConfig ASPM ClockPM MSI]
[    0.533228] acpi PNP0A03:00: fail to add MMCONFIG information, can't access extended PCI configuration space under this bridge.
[    0.537651] PCI host bridge to bus 0000:00
[    0.539592] pci_bus 0000:00: root bus resource [io  0x0000-0x0cf7 window]
[    0.541220] pci_bus 0000:00: root bus resource [io  0x0d00-0xffff window]
[    0.542620] pci_bus 0000:00: root bus resource [mem 0x000a0000-0x000bffff window]
[    0.544240] pci_bus 0000:00: root bus resource [mem 0x80000000-0xfdffffff window]
[    0.545220] pci_bus 0000:00: root bus resource [bus 00-ff]
[    0.546443] pci 0000:00:00.0: [8086:1237] type 00 class 0x060000
[    0.549801] pci 0000:00:01.0: [8086:7000] type 00 class 0x060100
[    0.551982] pci 0000:00:01.1: [8086:7111] type 00 class 0x01018a
[    0.553639] pci 0000:00:01.1: reg 0x20: [io  0xd000-0xd00f]
[    0.555013] pci 0000:00:01.1: legacy IDE quirk: reg 0x10: [io  0x01f0-0x01f7]
[    0.556518] pci 0000:00:01.1: legacy IDE quirk: reg 0x14: [io  0x03f6]
[    0.557219] pci 0000:00:01.1: legacy IDE quirk: reg 0x18: [io  0x0170-0x0177]
[    0.558687] pci 0000:00:01.1: legacy IDE quirk: reg 0x1c: [io  0x0376]
[    0.561662] pci 0000:00:02.0: [80ee:beef] type 00 class 0x030000
[    0.565175] pci 0000:00:02.0: reg 0x10: [mem 0xe0000000-0xe0ffffff pref]
[    0.575047] pci 0000:00:03.0: [8086:100e] type 00 class 0x020000
[    0.577292] pci 0000:00:03.0: reg 0x10: [mem 0xf0000000-0xf001ffff]
[    0.580508] pci 0000:00:03.0: reg 0x18: [io  0xd010-0xd017]
[    0.586213] pci 0000:00:04.0: [80ee:cafe] type 00 class 0x088000
[    0.589297] pci 0000:00:04.0: reg 0x10: [io  0xd020-0xd03f]
[    0.591498] pci 0000:00:04.0: reg 0x14: [mem 0xf0400000-0xf07fffff]
[    0.593303] pci 0000:00:04.0: reg 0x18: [mem 0xf0800000-0xf0803fff pref]
[    0.599684] pci 0000:00:05.0: [8086:2415] type 00 class 0x040100
[    0.601047] pci 0000:00:05.0: reg 0x10: [io  0xd100-0xd1ff]
[    0.601296] pci 0000:00:05.0: reg 0x14: [io  0xd200-0xd23f]
[    0.603685] pci 0000:00:07.0: [8086:7113] type 00 class 0x068000
[    0.605821] pci 0000:00:07.0: quirk: [io  0x4000-0x403f] claimed by PIIX4 ACPI
[    0.607694] pci 0000:00:07.0: quirk: [io  0x4100-0x410f] claimed by PIIX4 SMB
[    0.609898] pci 0000:00:08.0: [8086:100e] type 00 class 0x020000
[    0.613293] pci 0000:00:08.0: reg 0x10: [mem 0xf0820000-0xf083ffff]
[    0.617292] pci 0000:00:08.0: reg 0x18: [io  0xd240-0xd247]
[    0.629429] pci 0000:00:14.0: [1000:0030] type 00 class 0x010000
[    0.634488] pci 0000:00:14.0: reg 0x10: [io  0xd300-0xd3ff]
[    0.637293] pci 0000:00:14.0: reg 0x14: [mem 0xf0840000-0xf085ffff]
[    0.639720] pci 0000:00:14.0: reg 0x18: [mem 0xf0860000-0xf087ffff]
[    0.650687] ACPI: PCI Interrupt Link [LNKA] (IRQs 5 9 10 *11)
[    0.652304] ACPI: PCI Interrupt Link [LNKB] (IRQs 5 9 *10 11)
[    0.653352] ACPI: PCI Interrupt Link [LNKC] (IRQs 5 *9 10 11)
[    0.654698] ACPI: PCI Interrupt Link [LNKD] (IRQs 5 9 10 *11)
[    0.656195] iommu: Default domain type: Translated 
[    0.657397] SCSI subsystem initialized
[    0.661249] pci 0000:00:02.0: vgaarb: setting as boot VGA device
[    0.662506] pci 0000:00:02.0: vgaarb: VGA device added: decodes=io+mem,owns=io+mem,locks=none
[    0.664290] pci 0000:00:02.0: vgaarb: bridge control possible
[    0.665219] vgaarb: loaded
[    0.665888] ACPI: bus type USB registered
[    0.666796] usbcore: registered new interface driver usbfs
[    0.668009] usbcore: registered new interface driver hub
[    0.669233] usbcore: registered new device driver usb
[    0.670337] pps_core: LinuxPPS API ver. 1 registered
[    0.671459] pps_core: Software ver. 5.3.6 - Copyright 2005-2007 Rodolfo Giometti <giometti@linux.it>
[    0.673222] PTP clock support registered
[    0.674221] EDAC MC: Ver: 3.0.0
[    0.674272] PCI: Using ACPI for IRQ routing
[    0.677526] NetLabel: Initializing
[    0.678309] NetLabel:  domain hash size = 128
[    0.679272] NetLabel:  protocols = UNLABELED CIPSOv4 CALIPSO
[    0.680524] NetLabel:  unlabeled traffic allowed by default
[    0.685431] clocksource: Switched to clocksource kvm-clock
[    0.712592] *** VALIDATE bpf ***
[    0.713396] VFS: Disk quotas dquot_6.6.0
[    0.714211] VFS: Dquot-cache hash table entries: 512 (order 0, 4096 bytes)
[    0.715515] *** VALIDATE ramfs ***
[    0.716223] *** VALIDATE hugetlbfs ***
[    0.717072] AppArmor: AppArmor Filesystem Enabled
[    0.718032] pnp: PnP ACPI init
[    0.719910] pnp: PnP ACPI: found 3 devices
[    0.725887] thermal_sys: Registered thermal governor 'fair_share'
[    0.725887] thermal_sys: Registered thermal governor 'bang_bang'
[    0.727058] thermal_sys: Registered thermal governor 'step_wise'
[    0.728201] thermal_sys: Registered thermal governor 'user_space'
[    0.729324] thermal_sys: Registered thermal governor 'power_allocator'
[    0.735021] clocksource: acpi_pm: mask: 0xffffff max_cycles: 0xffffff, max_idle_ns: 2085701024 ns
[    0.738454] pci_bus 0000:00: resource 4 [io  0x0000-0x0cf7 window]
[    0.739764] pci_bus 0000:00: resource 5 [io  0x0d00-0xffff window]
[    0.741058] pci_bus 0000:00: resource 6 [mem 0x000a0000-0x000bffff window]
[    0.742539] pci_bus 0000:00: resource 7 [mem 0x80000000-0xfdffffff window]
[    0.744085] NET: Registered protocol family 2
[    0.745150] tcp_listen_portaddr_hash hash table entries: 1024 (order: 2, 16384 bytes, linear)
[    0.747111] TCP established hash table entries: 16384 (order: 5, 131072 bytes, linear)
[    0.748793] TCP bind hash table entries: 16384 (order: 6, 262144 bytes, linear)
[    0.750454] TCP: Hash tables configured (established 16384 bind 16384)
[    0.751834] UDP hash table entries: 1024 (order: 3, 32768 bytes, linear)
[    0.753265] UDP-Lite hash table entries: 1024 (order: 3, 32768 bytes, linear)
[    0.754869] NET: Registered protocol family 1
[    0.755805] NET: Registered protocol family 44
[    0.756837] pci 0000:00:00.0: Limiting direct PCI/PCI transfers
[    0.758232] pci 0000:00:01.0: Activating ISA DMA hang workarounds
[    0.759549] pci 0000:00:02.0: Video device with shadowed ROM at [mem 0x000c0000-0x000dffff]
[    0.761478] PCI: CLS 0 bytes, default 64
[    0.762386] Trying to unpack rootfs image as initramfs...
[    1.884643] Freeing initrd memory: 63072K
[    1.885646] clocksource: tsc: mask: 0xffffffffffffffff max_cycles: 0x19f22aa45f0, max_idle_ns: 440795269146 ns
[    1.887722] clocksource: Switched to clocksource tsc
[    1.888820] platform rtc_cmos: registered platform RTC device (no PNP device found)
[    1.890420] check: Scanning for low memory corruption every 60 seconds
[    1.893089] Initialise system trusted keyrings
[    1.894300] Key type blacklist registered
[    1.895325] workingset: timestamp_bits=36 max_order=19 bucket_order=0
[    1.898210] zbud: loaded
[    1.899193] squashfs: version 4.0 (2009/01/31) Phillip Lougher
[    1.900756] fuse: init (API version 7.31)
[    1.901753] *** VALIDATE fuse ***
[    1.902564] *** VALIDATE fuse ***
[    1.903626] Platform Keyring initialized
[    1.908163] Key type asymmetric registered
[    1.909137] Asymmetric key parser 'x509' registered
[    1.910238] Block layer SCSI generic (bsg) driver version 0.4 loaded (major 244)
[    1.911955] io scheduler mq-deadline registered
[    1.913361] shpchp: Standard Hot Plug PCI Controller Driver version: 0.4
[    1.914966] ACPI: AC Adapter [AC] (on-line)
[    1.915927] input: Power Button as /devices/LNXSYSTM:00/LNXPWRBN:00/input/input0
[    1.917592] ACPI: Power Button [PWRF]
[    1.918491] input: Sleep Button as /devices/LNXSYSTM:00/LNXSLPBN:00/input/input1
[    1.920135] ACPI: Sleep Button [SLPF]
[    1.922139] battery: ACPI: Battery Slot [BAT0] (battery present)
[    1.923622] Serial: 8250/16550 driver, 32 ports, IRQ sharing enabled
[    1.945889] 00:02: ttyS0 at I/O 0x3f8 (irq = 4, base_baud = 115200) is a 16550A
[    1.951510] Linux agpgart interface v0.103
[    1.954459] loop: module loaded
[    1.955830] scsi host0: ata_piix
[    1.956722] scsi host1: ata_piix
[    1.957473] ata1: PATA max UDMA/33 cmd 0x1f0 ctl 0x3f6 bmdma 0xd000 irq 14
[    1.958777] ata2: PATA max UDMA/33 cmd 0x170 ctl 0x376 bmdma 0xd008 irq 15
[    1.960166] libphy: Fixed MDIO Bus: probed
[    1.961054] tun: Universal TUN/TAP device driver, 1.6
[    1.962149] PPP generic driver version 2.4.2
[    1.963181] VFIO - User Level meta-driver version: 0.3
[    1.964227] ehci_hcd: USB 2.0 'Enhanced' Host Controller (EHCI) Driver
[    1.965482] ehci-pci: EHCI PCI platform driver
[    1.966357] ehci-platform: EHCI generic platform driver
[    1.967357] ohci_hcd: USB 1.1 'Open' Host Controller (OHCI) Driver
[    1.968564] ohci-pci: OHCI PCI platform driver
[    1.969436] ohci-platform: OHCI generic platform driver
[    1.970464] uhci_hcd: USB Universal Host Controller Interface driver
[    1.971684] i8042: PNP: PS/2 Controller [PNP0303:PS2K,PNP0f03:PS2M] at 0x60,0x64 irq 1,12
[    1.973758] serio: i8042 KBD port at 0x60,0x64 irq 1
[    1.974766] serio: i8042 AUX port at 0x60,0x64 irq 12
[    1.975997] mousedev: PS/2 mouse device common for all mice
[    1.977689] input: AT Translated Set 2 keyboard as /devices/platform/i8042/serio0/input/input2
[    1.979629] rtc_cmos rtc_cmos: registered as rtc0
[    1.980580] rtc_cmos rtc_cmos: alarms up to one day, 114 bytes nvram
[    1.981861] i2c /dev entries driver
[    1.982601] device-mapper: uevent: version 1.0.3
[    1.983583] device-mapper: ioctl: 4.41.0-ioctl (2019-09-16) initialised: dm-devel@redhat.com
[    1.985288] platform eisa.0: Probing EISA bus 0
[    1.986200] platform eisa.0: EISA: Cannot allocate resource for mainboard
[    1.987485] platform eisa.0: Cannot allocate resource for EISA slot 1
[    1.988729] platform eisa.0: Cannot allocate resource for EISA slot 2
[    1.989942] platform eisa.0: Cannot allocate resource for EISA slot 3
[    1.991164] platform eisa.0: Cannot allocate resource for EISA slot 4
[    1.992359] platform eisa.0: Cannot allocate resource for EISA slot 5
[    1.993540] platform eisa.0: Cannot allocate resource for EISA slot 6
[    1.994842] platform eisa.0: Cannot allocate resource for EISA slot 7
[    1.996033] platform eisa.0: Cannot allocate resource for EISA slot 8
[    1.997235] platform eisa.0: EISA: Detected 0 cards
[    1.998199] intel_pstate: CPU model not supported
[    1.999161] ledtrig-cpu: registered to indicate activity on CPUs
[    2.000463] intel_pmc_core intel_pmc_core.0:  initialized
[    2.001524] drop_monitor: Initializing network drop monitor service
[    2.002877] NET: Registered protocol family 10
[    2.010054] Segment Routing with IPv6
[    2.010862] NET: Registered protocol family 17
[    2.011828] Key type dns_resolver registered
[    2.013023] RAS: Correctable Errors collector initialized.
[    2.014267] IPI shorthand broadcast: enabled
[    2.015209] sched_clock: Marking stable (1865820067, 148434172)->(2016284763, -2030524)
[    2.017329] registered taskstats version 1
[    2.018298] Loading compiled-in X.509 certificates
[    2.021068] Loaded X.509 cert 'Build time autogenerated kernel key: 48ee52262915d1ee4db3e3222acce2ebb1a0fb65'
[    2.023340] zswap: loaded using pool lzo/zbud
[    2.024562] Key type ._fscrypt registered
[    2.025602] Key type .fscrypt registered
[    2.032241] Key type big_key registered
[    2.035935] Key type encrypted registered
[    2.036822] AppArmor: AppArmor sha1 policy hashing enabled
[    2.038190] ima: No TPM chip found, activating TPM-bypass!
[    2.039399] ima: Allocated hash algorithm: sha1
[    2.040575] ima: No architecture policies found
[    2.041643] evm: Initialising EVM extended attributes:
[    2.042719] evm: security.selinux
[    2.043484] evm: security.SMACK64
[    2.044238] evm: security.SMACK64EXEC
[    2.045072] evm: security.SMACK64TRANSMUTE
[    2.046015] evm: security.SMACK64MMAP
[    2.046809] evm: security.apparmor
[    2.047584] evm: security.ima
[    2.048337] evm: security.capability
[    2.049141] evm: HMAC attrs: 0x1
[    2.050217] PM:   Magic number: 0:174:93
[    2.051203] rtc_cmos rtc_cmos: setting system clock to 2020-08-07T20:05:06 UTC (1596830706)
[    2.154433] Freeing unused decrypted memory: 2040K
[    2.159119] Freeing unused kernel image memory: 2704K
[    2.160771] Write protecting the kernel read-only data: 22528k
[    2.162616] Freeing unused kernel image memory: 2008K
[    2.163821] Freeing unused kernel image memory: 1220K
[    2.174563] x86/mm: Checked W+X mappings: passed, no W+X pages found.
[    2.175778] x86/mm: Checking user space page tables
[    2.186566] x86/mm: Checked W+X mappings: passed, no W+X pages found.
[    2.187979] Run /init as init process
Loading, please wait...
starting version 237
[    2.260183] ACPI: Video Device [GFX0] (multi-head: yes  rom: no  post: no)
[    2.262565] input: Video Bus as /devices/LNXSYSTM:00/LNXSYBUS:00/PNP0A03:00/LNXVIDEO:00/input/input4
[    2.267213] e1000: Intel(R) PRO/1000 Network Driver - version 7.3.21-k8-NAPI
[    2.268724] e1000: Copyright (c) 1999-2006 Intel Corporation.
[    2.282807] piix4_smbus 0000:00:07.0: SMBus Host Controller at 0x4100, revision 0
[    2.287148] Fusion MPT base driver 3.04.20
[    2.288143] Copyright (c) 1999-2008 LSI Corporation
[    2.294211] cryptd: max_cpu_qlen set to 1000
[    2.301212] AVX2 version of gcm_enc/dec engaged.
[    2.302273] AES CTR mode by8 optimization enabled
[    2.307561] Fusion MPT SPI Host driver 3.04.20
[    2.323286] [drm] VRAM 01000000
[    2.324849] [TTM] Zone  kernel: Available graphics memory: 1017652 KiB
[    2.326270] [TTM] Initializing pool allocator
[    2.327577] [TTM] Initializing DMA pool allocator
[    2.332139] fbcon: vboxvideodrmfb (fb0) is primary device
[    2.334869] Console: switching to colour frame buffer device 128x48
[    2.335731] mptbase: ioc0: Initiating bringup
[    2.339471] vboxvideo 0000:00:02.0: fb0: vboxvideodrmfb frame buffer device
[    2.353570] [drm] Initialized vboxvideo 1.0.0 20130823 for 0000:00:02.0 on minor 0
[    2.429544] ioc0: LSI53C1030 A0: Capabilities={Initiator}
[    2.498111] input: ImExPS/2 Generic Explorer Mouse as /devices/platform/i8042/serio1/input/input5
[    2.676932] scsi host2: ioc0: LSI53C1030 A0, FwRev=00000000h, Ports=1, MaxQ=256, IRQ=20
[    2.702870] e1000 0000:00:03.0 eth0: (PCI:33MHz:32-bit) 02:a1:1e:44:dc:c7
[    2.704118] e1000 0000:00:03.0 eth0: Intel(R) PRO/1000 Network Connection
[    2.846051] scsi 2:0:0:0: Direct-Access     VBOX     HARDDISK         1.0  PQ: 0 ANSI: 5
[    2.949306] scsi target2:0:0: Beginning Domain Validation
[    2.952631] scsi target2:0:0: Domain Validation skipping write tests
[    2.953644] scsi target2:0:0: Ending Domain Validation
[    2.954599] scsi target2:0:0: asynchronous
[    2.956152] scsi 2:0:1:0: Direct-Access     VBOX     HARDDISK         1.0  PQ: 0 ANSI: 5
[    3.085241] scsi target2:0:1: Beginning Domain Validation
[    3.088904] scsi target2:0:1: Domain Validation skipping write tests
[    3.089770] scsi target2:0:1: Ending Domain Validation
[    3.092320] scsi target2:0:1: asynchronous
[    3.111176] scsi 2:0:0:0: Attached scsi generic sg0 type 0
[    3.114362] e1000 0000:00:08.0 eth1: (PCI:33MHz:32-bit) 08:00:27:5b:52:18
[    3.116763] scsi 2:0:1:0: Attached scsi generic sg1 type 0
[    3.118914] e1000 0000:00:08.0 eth1: Intel(R) PRO/1000 Network Connection
[    3.122332] sd 2:0:0:0: [sda] 20971520 512-byte logical blocks: (10.7 GB/10.0 GiB)
[    3.123932] sd 2:0:0:0: [sda] Write Protect is off
[    3.125392] sd 2:0:0:0: [sda] Incomplete mode parameter data
[    3.126299] e1000 0000:00:08.0 enp0s8: renamed from eth1
[    3.126624] sd 2:0:0:0: [sda] Assuming drive cache: write through
[    3.129157] sd 2:0:1:0: [sdb] 20480 512-byte logical blocks: (10.5 MB/10.0 MiB)
[    3.130808] sd 2:0:1:0: [sdb] Write Protect is off
[    3.132203] sd 2:0:1:0: [sdb] Incomplete mode parameter data
[    3.133445] sd 2:0:1:0: [sdb] Assuming drive cache: write through
[    3.141725] e1000 0000:00:03.0 enp0s3: renamed from eth0
[    3.163458]  sda: sda1
[    3.165394] sd 2:0:0:0: [sda] Attached SCSI disk
[    3.181832] sd 2:0:1:0: [sdb] Attached SCSI disk
Begin: Loading essential drivers ... [    3.425719] raid6: avx2x4   gen() 29982 MB/s
[    3.473537] raid6: avx2x4   xor() 20624 MB/s
[    3.521370] raid6: avx2x2   gen() 27601 MB/s
[    3.569237] raid6: avx2x2   xor() 18590 MB/s
[    3.617987] raid6: avx2x1   gen() 23928 MB/s
[    3.665859] raid6: avx2x1   xor() 17156 MB/s
[    3.713651] raid6: sse2x4   gen() 13775 MB/s
[    3.761466] raid6: sse2x4   xor()  8587 MB/s
[    3.810266] raid6: sse2x2   gen() 12090 MB/s
[    3.858099] raid6: sse2x2   xor()  8044 MB/s
[    3.905911] raid6: sse2x1   gen() 10514 MB/s
[    3.953746] raid6: sse2x1   xor()  5923 MB/s
[    3.954822] raid6: using algorithm avx2x4 gen() 29982 MB/s
[    3.956076] raid6: .... xor() 20624 MB/s, rmw enabled
[    3.957299] raid6: using avx2x2 recovery algorithm
[    3.959855] xor: automatically using best checksumming function   avx       
[    3.962784] async_tx: api initialized (async)
done.
Begin: Running /scripts/init-premount ... done.
Begin: Mounting root file system ... Begin: Running /scripts/local-top ... done.
Begin: Running /scripts/local-premount ... [    4.011223] Btrfs loaded, crc32c=crc32c-intel
Scanning for Btrfs filesystems
done.
Warning: fsck not present, so skipping root file system
[    4.095906] EXT4-fs (sda1): mounted filesystem with ordered data mode. Opts: (null)
done.
Begin: Running /scripts/local-bottom ... done.
Begin: Running /scripts/init-bottom ... done.
[    6.495673] systemd[1]: systemd 237 running in system mode. (+PAM +AUDIT +SELINUX +IMA +APPARMOR +SMACK +SYSVINIT +UTMP +LIBCRYPTSETUP +GCRYPT +GNUTLS +ACL +XZ +LZ4 +SECCOMP +BLKID +ELFUTILS +KMOD -IDN2 +IDN -PCRE2 default-hierarchy=hybrid)
[    6.499822] systemd[1]: Detected virtualization oracle.
[    6.501087] systemd[1]: Detected architecture x86-64.

Welcome to [1mUbuntu 18.04.4 LTS[0m!

[    6.567707] systemd[1]: Set hostname to <ubuntu-bionic>.
[    9.271876] systemd[1]: Reached target System Time Synchronized.
[[0;32m  OK  [0m] Reached target System Time Synchronized.
[    9.276570] systemd[1]: Set up automount Arbitrary Executable File Formats File System Automount Point.
[[0;32m  OK  [0m] Set up automount Arbitrary Executab…rmats File System Automount Point.
[    9.282647] systemd[1]: Reached target User and Group Name Lookups.
[[0;32m  OK  [0m] Reached target User and Group Name Lookups.
[    9.299586] systemd[1]: Created slice User and Session Slice.
[[0;32m  OK  [0m] Created slice User and Session Slice.
[    9.303707] systemd[1]: Reached target Swap.
[[0;32m  OK  [0m] Reached target Swap.
[    9.306182] systemd[1]: Started Forward Password Requests to Wall Directory Watch.
[[0;32m  OK  [0m] Started Forward Password Requests to Wall Directory Watch.
[[0;32m  OK  [0m] Created slice System Slice.
[[0;32m  OK  [0m] Listening on Syslog Socket.
[[0;32m  OK  [0m] Listening on Device-mapper event daemon FIFOs.
[[0;32m  OK  [0m] Reached target Slices.
[[0;32m  OK  [0m] Listening on LVM2 metadata daemon socket.
[[0;32m  OK  [0m] Listening on /dev/initctl Compatibility Named Pipe.
[[0;32m  OK  [0m] Listening on Journal Socket.
         Starting Uncomplicated firewall...
         Starting Create list of required st…ce nodes for the current kernel...
[[0;32m  OK  [0m] Listening on LVM2 poll daemon socket.
[[0;32m  OK  [0m] Listening on udev Kernel Socket.
[[0;32m  OK  [0m] Listening on Journal Socket (/dev/log).
         Mounting POSIX Message Queue File System...
[[0;32m  OK  [0m] Created slice system-serial\x2dgetty.slice.
         Starting Load Kernel Modules...
         Mounting Kernel Debug File System...
         Mounting Huge Pages File System...
[[0;32m  OK  [0m] Listening on Network Service Netlink Socket.
[[0;32m  OK  [0m] Listening on Journal Audit Socket.
         Starting Journal Service...
         Starting Remount Root and Kernel File Systems...
         Starting Set the console keyboard layout...
[    9.547695] EXT4-fs (sda1): re-mounted. Opts: (null)
         Starting Monitoring of LVM2 mirrors…ng dmeventd or progress polling...
[[0;32m  OK  [0m] Listening on udev Control Socket.
         Starting udev Coldplug all Devices...
[[0;32m  OK  [0m] Started Uncomplicated firewall.
[[0;32m  OK  [0m] Started Create list of required sta…vice nodes for the current kernel.
[[0;32m  OK  [0m] Mounted POSIX Message Queue File System.
[[0;32m  OK  [0m] Mounted Kernel Debug File System.
[[0;32m  OK  [0m] Mounted Huge Pages File System.
[[0;32m  OK  [0m] Started Remount Root and Kernel File Systems.
[    9.744777] Loading iSCSI transport class v2.0-870.
         Starting Load/Save Random Seed...
         Starting Create Static Device Nodes in /dev...
[[0;32m  OK  [0m] Started Journal Service.
[[0;32m  OK  [0m] Started udev Coldplug all Devices.
         Starting Flush Journal to Persistent Storage...
[[0;32m  OK  [0m] Started Load/Save Random Seed.
[    9.888035] systemd-journald[459]: Received request to flush runtime journal from PID 1
[    9.930893] iscsi: registered transport (tcp)
[[0;32m  OK  [0m] Started Set the console keyboard layout.
[   10.449592] iscsi: registered transport (iser)
[[0;32m  OK  [0m] Started Load Kernel Modules.
         Mounting Kernel Configuration File System...
         Mounting FUSE Control File System...
         Starting Apply Kernel Variables...
[[0;32m  OK  [0m] Mounted Kernel Configuration File System.
[[0;32m  OK  [0m] Mounted FUSE Control File System.
[[0;32m  OK  [0m] Started LVM2 metadata daemon.
[[0;32m  OK  [0m] Started Monitoring of LVM2 mirrors,…sing dmeventd or progress polling.
[[0;32m  OK  [0m] Started Create Static Device Nodes in /dev.
         Starting udev Kernel Device Manager...
[[0;32m  OK  [0m] Reached target Local File Systems (Pre).
[[0;32m  OK  [0m] Reached target Local File Systems.
         Starting Tell Plymouth To Write Out Runtime Data...
         Starting ebtables ruleset management...
         Starting Set console font and keymap...
         Starting AppArmor initialization...
[[0;32m  OK  [0m] Started Apply Kernel Variables.
[[0;32m  OK  [0m] Started Set console font and keymap.
[[0;32m  OK  [0m] Started Tell Plymouth To Write Out Runtime Data.
[[0;32m  OK  [0m] Started ebtables ruleset management.
[[0;32m  OK  [0m] Started Flush Journal to Persistent Storage.
         Starting Create Volatile Files and Directories...
[[0;32m  OK  [0m] Started Create Volatile Files and Directories.
         Starting Update UTMP about System Boot/Shutdown...
[[0;32m  OK  [0m] Started Update UTMP about System Boot/Shutdown.
[[0;32m  OK  [0m] Started udev Kernel Device Manager.
[[0;32m  OK  [0m] Started Dispatch Password Requests to Console Directory Watch.
[[0;32m  OK  [0m] Reached target Local Encrypted Volumes.
[[0;32m  OK  [0m] Started AppArmor initialization.
         Starting Initial cloud-init job (pre-networking)...
         Starting Load AppArmor profiles managed internally by snapd...
[[0;32m  OK  [0m] Started Load AppArmor profiles managed internally by snapd.
[[0;32m  OK  [0m] Found device /dev/ttyS0.
[[0;32m  OK  [0m] Listening on Load/Save RF Kill Switch Status /dev/rfkill Watch.
[   17.070081] snd_intel8x0 0000:00:05.0: measure - unreliable DMA position..
[   17.467245] snd_intel8x0 0000:00:05.0: measure - unreliable DMA position..
[   17.845376] snd_intel8x0 0000:00:05.0: measure - unreliable DMA position..
[[0;32m  OK  [0m] Reached target Sound Card.
[   23.883930] cloud-init[574]: Cloud-init v. 19.4-33-gbb4131a2-0ubuntu1~18.04.1 running 'init-local' at Fri, 07 Aug 2020 20:05:27 +0000. Up 23.19 seconds.
[[0;32m  OK  [0m] Started Initial cloud-init job (pre-networking).
[[0;32m  OK  [0m] Reached target Network (Pre).
         Starting Network Service...
[[0;32m  OK  [0m] Started Network Service.
         Starting Network Name Resolution...
         Starting Wait for Network to be Configured...
[[0;32m  OK  [0m] Started Network Name Resolution.
[[0;32m  OK  [0m] Reached target Host and Network Name Lookups.
[[0;32m  OK  [0m] Started Wait for Network to be Configured.
         Starting Initial cloud-init job (metadata service crawler)...
[   26.782122] cloud-init[789]: Cloud-init v. 19.4-33-gbb4131a2-0ubuntu1~18.04.1 running 'init' at Fri, 07 Aug 2020 20:05:31 +0000. Up 26.51 seconds.
[   26.797192] cloud-init[789]: ci-info: ++++++++++++++++++++++++++++++++++++++Net device info+++++++++++++++++++++++++++++++++++++++
[   26.798545] cloud-init[789]: ci-info: +--------+------+-----------------------------+---------------+--------+-------------------+
[   26.799554] cloud-init[789]: ci-info: | Device |  Up  |           Address           |      Mask     | Scope  |     Hw-Address    |
[   26.800712] cloud-init[789]: ci-info: +--------+------+-----------------------------+---------------+--------+-------------------+
[   26.801830] cloud-init[789]: ci-info: | enp0s3 | True |          10.0.2.15          | 255.255.255.0 | global | 02:a1:1e:44:dc:c7 |
[   26.803184] cloud-init[789]: ci-info: | enp0s3 | True |  fe80::a1:1eff:fe44:dcc7/64 |       .       |  link  | 02:a1:1e:44:dc:c7 |
[   26.804380] cloud-init[789]: ci-info: | enp0s8 | True |        192.168.1.119        | 255.255.255.0 | global | 08:00:27:5b:52:18 |
[   26.817284] cloud-init[789]: ci-info: | enp0s8 | True | fe80::a00:27ff:fe5b:5218/64 |       .       |  link  | 08:00:27:5b:52:18 |
[   26.818520] cloud-init[789]: ci-info: |   lo   | True |          127.0.0.1          |   255.0.0.0   |  host  |         .         |
[   26.819978] cloud-init[789]: ci-info: |   lo   | True |           ::1/128           |       .       |  host  |         .         |
[   26.822097] cloud-init[789]: ci-info: +--------+------+-----------------------------+---------------+--------+-------------------+
[   26.825798] cloud-init[789]: ci-info: ++++++++++++++++++++++++++++++Route IPv4 info++++++++++++++++++++++++++++++
[   26.828720] cloud-init[789]: ci-info: +-------+-------------+-------------+-----------------+-----------+-------+
[   26.831308] cloud-init[789]: ci-info: | Route | Destination |   Gateway   |     Genmask     | Interface | Flags |
[   26.833940] cloud-init[789]: ci-info: +-------+-------------+-------------+-----------------+-----------+-------+
[   26.845235] cloud-init[789]: ci-info: |   0   |   0.0.0.0   |   10.0.2.2  |     0.0.0.0     |   enp0s3  |   UG  |
[   26.848244] cloud-init[789]: ci-info: |   1   |   0.0.0.0   | 192.168.1.1 |     0.0.0.0     |   enp0s8  |   UG  |
[   26.851061] cloud-init[789]: ci-info: |   2   |   10.0.2.0  |   0.0.0.0   |  255.255.255.0  |   enp0s3  |   U   |
[   26.853212] cloud-init[789]: ci-info: |   3   |   10.0.2.2  |   0.0.0.0   | 255.255.255.255 |   enp0s3  |   UH  |
[   26.865197] cloud-init[789]: ci-info: |   4   | 192.168.1.0 |   0.0.0.0   |  255.255.255.0  |   enp0s8  |   U   |
[   26.877101] cloud-init[789]: ci-info: |   5   | 192.168.1.1 |   0.0.0.0   | 255.255.255.255 |   enp0s8  |   UH  |
[   26.878209] cloud-init[789]: ci-info: +-------+-------------+-------------+-----------------+-----------+-------+
[   26.889621] cloud-init[789]: ci-info: +++++++++++++++++++Route IPv6 info+++++++++++++++++++
[   26.890667] cloud-init[789]: ci-info: +-------+-------------+---------+-----------+-------+
[   26.891469] cloud-init[789]: ci-info: | Route | Destination | Gateway | Interface | Flags |
[   26.901413] cloud-init[789]: ci-info: +-------+-------------+---------+-----------+-------+
[   26.902537] cloud-init[789]: ci-info: |   1   |  fe80::/64  |    ::   |   enp0s3  |   U   |
[   26.912915] cloud-init[789]: ci-info: |   2   |  fe80::/64  |    ::   |   enp0s8  |   U   |
[   26.925790] cloud-init[789]: ci-info: |   4   |    local    |    ::   |   enp0s3  |   U   |
[   26.926784] cloud-init[789]: ci-info: |   5   |    local    |    ::   |   enp0s8  |   U   |
[   26.927585] cloud-init[789]: ci-info: |   6   |   ff00::/8  |    ::   |   enp0s3  |   U   |
[   26.928439] cloud-init[789]: ci-info: |   7   |   ff00::/8  |    ::   |   enp0s8  |   U   |
[   26.929386] cloud-init[789]: ci-info: +-------+-------------+---------+-----------+-------+
[[0;32m  OK  [0m] Started Initial cloud-init job (metadata service crawler).
[[0;32m  OK  [0m] Reached target Cloud-config availability.
[[0;32m  OK  [0m] Reached target System Initialization.
[[0;32m  OK  [0m] Started Message of the Day.
         Starting Socket activation for snappy daemon.
[[0;32m  OK  [0m] Listening on Avahi mDNS/DNS-SD Stack Activation Socket.
[[0;32m  OK  [0m] Listening on ACPID Listen Socket.
[[0;32m  OK  [0m] Listening on UUID daemon activation socket.
[[0;32m  OK  [0m] Started Daily Cleanup of Temporary Directories.
[[0;32m  OK  [0m] Started Daily apt download activities.
[[0;32m  OK  [0m] Started Daily apt upgrade and clean activities.
[[0;32m  OK  [0m] Listening on Open-iSCSI iscsid Socket.
         Starting LXD - unix socket.
[[0;32m  OK  [0m] Started Clean PHP session files every 30 mins.
[[0;32m  OK  [0m] Started ACPI Events Check.
[[0;32m  OK  [0m] Reached target Paths.
[[0;32m  OK  [0m] Started Discard unused blocks once a week.
[[0;32m  OK  [0m] Reached target Timers.
[[0;32m  OK  [0m] Listening on D-Bus System Message Bus Socket.
[[0;32m  OK  [0m] Listening on Socket activation for snappy daemon.
[[0;32m  OK  [0m] Listening on LXD - unix socket.
[[0;32m  OK  [0m] Reached target Sockets.
[[0;32m  OK  [0m] Reached target Basic System.
         Starting Dispatcher daemon for systemd-networkd...
         Starting vboxadd.service...
[[0;32m  OK  [0m] Started irqbalance daemon.
         Starting Accounts Service...
         Starting Login Service...
         Starting Avahi mDNS/DNS-SD Stack...
         Starting System Logging Service...
[[0;32m  OK  [0m] Started FUSE filesystem for LXC.
         Starting LSB: Record successful boot for GRUB...
[[0;32m  OK  [0m] Started Deferred execution scheduler.
[[0;32m  OK  [0m] Started Regular background program processing daemon.
[[0;32m  OK  [0m] Started D-Bus System Message Bus.
[[0;32m  OK  [0m] Started Login Service.
         Starting WPA supplicant...
         Starting Thermal Daemon Service...
         Starting LXD - container startup/shutdown...
         Starting Modem Manager...
         Starting Snap Daemon...
[[0;32m  OK  [0m] Started System Logging Service.
[[0;32m  OK  [0m] Started Dispatcher daemon for systemd-networkd.
[[0;32m  OK  [0m] Started Avahi mDNS/DNS-SD Stack.
         Starting Hostname Service...
[[0;32m  OK  [0m] Started Hostname Service.
[[0;32m  OK  [0m] Started WPA supplicant.
[[0;32m  OK  [0m] Reached target Network.
[[0;32m  OK  [0m] Reached target Network is Online.
         Starting Availability of block devices...
[[0;32m  OK  [0m] Reached target Remote File Systems (Pre).
[[0;32m  OK  [0m] Reached target Remote File Systems.
         Starting LSB: automatic crash report generation...
[[0;32m  OK  [0m] Started Unattended Upgrades Shutdown.
         Starting The Apache HTTP Server...
         Starting MySQL Community Server...
         Starting Permit User Sessions...
         Starting OpenBSD Secure Shell server...
[[0;32m  OK  [0m] Started Availability of block devices.
[[0;32m  OK  [0m] Started Permit User Sessions.
         Starting Authorization Manager...
         Starting Terminate Plymouth Boot Screen...
         Starting Hold until boot process finishes up...
[[0;32m  OK  [0m] Started Hold until boot process finishes up.
         Starting Set console scheme...
[[0;32m  OK  [0m] Started Serial Getty on ttyS0.
[[0;32m  OK  [0m] Started Terminate Plymouth Boot Screen.
[[0;32m  OK  [0m] Started Set console scheme.
[[0;32m  OK  [0m] Created slice system-getty.slice.
[[0;32m  OK  [0m] Started Getty on tty1.
[[0;32m  OK  [0m] Reached target Login Prompts.
[[0;32m  OK  [0m] Started LSB: automatic crash report generation.
[[0;32m  OK  [0m] Started Thermal Daemon Service.
[[0;32m  OK  [0m] Started Authorization Manager.
[[0;32m  OK  [0m] Started Accounts Service.
[[0;32m  OK  [0m] Started LSB: Record successful boot for GRUB.
[[0;32m  OK  [0m] Started OpenBSD Secure Shell server.

Ubuntu 18.04.4 LTS ubuntu-bionic ttyS0

ubuntu-bionic login: [   43.696183] cloud-init[1587]: Cloud-init v. 19.4-33-gbb4131a2-0ubuntu1~18.04.1 running 'modules:config' at Fri, 07 Aug 2020 20:05:45 +0000. Up 41.28 seconds.
[   85.209033] cloud-init[2431]: Cloud-init v. 19.4-33-gbb4131a2-0ubuntu1~18.04.1 running 'modules:final' at Fri, 07 Aug 2020 20:06:29 +0000. Up 85.02 seconds.
[   85.210936] cloud-init[2431]: Cloud-init v. 19.4-33-gbb4131a2-0ubuntu1~18.04.1 finished at Fri, 07 Aug 2020 20:06:29 +0000. Datasource DataSourceNoCloud [seed=/dev/sdb][dsmode=net].  Up 85.19 seconds
